INFO  [Transporte] - Iniciando servico
INFO  [Transporte] - Iniciando servico
INFO  [Transporte] - Iniciando servico
INFO  [Transporte] - Iniciando servico
INFO  [Transporte] - Iniciando servico
INFO  [Transporte] - Iniciando servico
INFO  [Transporte] - Iniciando servico
INFO  [Transporte] - Iniciando servico
INFO  [Transporte] - Iniciando servico
INFO  [Transporte] - Iniciando servico
INFO  [Transporte] - Iniciando servico
INFO  [Transporte] - Iniciando servico
DEBUG [Transporte] - Primeira via do handshake executada.
DEBUG [Transporte] - Repassando mensagem para a camada de rede.
WARN  [Transporte] - Dados recebidos da rede, porem em estado invalido: HANGING.
INFO  [Transporte] - Iniciando servico
INFO  [Transporte] - Iniciando servico
INFO  [Transporte] - Iniciando servico
INFO  [Transporte] - Iniciando servico
INFO  [Transporte] - Iniciando servico
INFO  [Transporte] - Iniciando servico
DEBUG [Transporte] - Primeira via do handshake executada.
DEBUG [Transporte] - Repassando mensagem para a camada de rede.
DEBUG [Transporte] - Dados recebidos da rede. Para a fila!
INFO  [Transporte] - Iniciando servico
INFO  [Transporte] - Iniciando servico
INFO  [Transporte] - Iniciando servico
INFO  [Transporte] - Iniciando servico
INFO  [Transporte] - Iniciando servico
INFO  [Transporte] - Iniciando servico
DEBUG [Transporte] - Primeira via do handshake executada.
DEBUG [Transporte] - Repassando mensagem para a camada de rede.
DEBUG [Transporte] - Dados recebidos da rede. Para a fila!
INFO  [Transporte] - Iniciando servico
INFO  [Transporte] - Iniciando servico
INFO  [Transporte] - Iniciando servico
INFO  [Transporte] - Iniciando servico
INFO  [Transporte] - Iniciando servico
INFO  [Transporte] - Iniciando servico
DEBUG [Transporte] - Primeira via do handshake executada.
DEBUG [Transporte] - Repassando mensagem para a camada de rede.
DEBUG [Transporte] - Dados recebidos da rede. Para a fila!
ERROR [Transporte] - Oops
br.ufpb.di.redes.layers.transport.interfaces.UnnableToConnectException
	at br.ufpb.di.redes.layers.transport.source.TCP.connect(TCP.java:68)
	at br.ufpb.di.redes.layers.transport.test.TransportTest$2.run(TransportTest.java:59)
INFO  [Transporte] - Iniciando servico
INFO  [Transporte] - Iniciando servico
INFO  [Transporte] - Iniciando servico
INFO  [Transporte] - Iniciando servico
INFO  [Transporte] - Iniciando servico
INFO  [Transporte] - Iniciando servico
DEBUG [Transporte] - Primeira via do handshake executada.
DEBUG [Transporte] - Repassando mensagem para a camada de rede.
DEBUG [Transporte] - Dados recebidos da rede. Para a fila!
ERROR [Transporte] - Oops
br.ufpb.di.redes.layers.transport.interfaces.UnnableToConnectException
	at br.ufpb.di.redes.layers.transport.source.TCP.connect(TCP.java:68)
	at br.ufpb.di.redes.layers.transport.test.TransportTest$2.run(TransportTest.java:59)
INFO  [Transporte] - Iniciando servico
INFO  [Transporte] - Iniciando servico
INFO  [Transporte] - Iniciando servico
INFO  [Transporte] - Iniciando servico
INFO  [Transporte] - Iniciando servico
INFO  [Transporte] - Iniciando servico
DEBUG [Transporte] - Primeira via do handshake executada.
DEBUG [Transporte] - Repassando mensagem para a camada de rede.
DEBUG [Transporte] - Dados recebidos da rede. Para a fila!
ERROR [Transporte] - Oops
br.ufpb.di.redes.layers.transport.interfaces.UnnableToConnectException
	at br.ufpb.di.redes.layers.transport.source.TCP.connect(TCP.java:68)
	at br.ufpb.di.redes.layers.transport.test.TransportTest$2.run(TransportTest.java:59)
INFO  [Transporte] - Iniciando servico
INFO  [Transporte] - Iniciando servico
INFO  [Transporte] - Iniciando servico
INFO  [Transporte] - Iniciando servico
INFO  [Transporte] - Iniciando servico
INFO  [Transporte] - Iniciando servico
DEBUG [Transporte] - Primeira via do handshake executada.
DEBUG [Transporte] - Repassando mensagem para a camada de rede.
DEBUG [Transporte] - Dados recebidos da rede. Para a fila!
INFO  [Transporte] - Iniciando servico
INFO  [Transporte] - Iniciando servico
INFO  [Transporte] - Iniciando servico
INFO  [Transporte] - Iniciando servico
INFO  [Transporte] - Iniciando servico
INFO  [Transporte] - Iniciando servico
DEBUG [Transporte] - Primeira via do handshake executada.
DEBUG [Transporte] - Repassando mensagem para a camada de rede.
DEBUG [Transporte] - Dados recebidos da rede. Para a fila!
INFO  [Transporte] - Iniciando servico
INFO  [Transporte] - Iniciando servico
INFO  [Transporte] - Iniciando servico
INFO  [Transporte] - Iniciando servico
INFO  [Transporte] - Iniciando servico
INFO  [Transporte] - Iniciando servico
DEBUG [Transporte] - Primeira via do handshake executada.
DEBUG [Transporte] - Repassando mensagem para a camada de rede.
DEBUG [Transporte] - Dados recebidos da rede. Para a fila!
INFO  [Transporte] - Iniciando servico
INFO  [Transporte] - Iniciando servico
INFO  [Transporte] - Iniciando servico
INFO  [Transporte] - Iniciando servico
INFO  [Transporte] - Iniciando servico
INFO  [Transporte] - Iniciando servico
DEBUG [Transporte] - Primeira via do handshake executada.
DEBUG [Transporte] - Repassando mensagem para a camada de rede.
DEBUG [Transporte] - Dados recebidos da rede. Para a fila!
